#
# A fatal error has been detected by the Java Runtime Environment:
#
#  SIGSEGV (0xb) at pc=0x00007f6f4382575c, pid=16584, tid=140115551516416
#
# JRE version: OpenJDK Runtime Environment (7.0_91-b02) (build 1.7.0_91-b02)
# Java VM: OpenJDK 64-Bit Server VM (24.91-b01 mixed mode linux-amd64 compressed oops)
# Derivative: IcedTea 2.6.3
# Distribution: Ubuntu 14.04 LTS, package 7u91-2.6.3-0ubuntu0.14.04.1
# Problematic frame:
# V  [libjvm.so+0x43875c]  Compile::remove_useless_nodes(Unique_Node_List&)+0x3c
#
# Failed to write core dump. Core dumps have been disabled. To enable core dumping, try "ulimit -c unlimited" before starting Java again
#
# If you would like to submit a bug report, please include
# instructions on how to reproduce the bug and visit:
#   http://icedtea.classpath.org/bugzilla
#

---------------  T H R E A D  ---------------

Current thread (0x00007f6f3c0af000):  JavaThread "C2 CompilerThread1" daemon [_thread_in_native, id=16598, stack(0x00007f6f319cf000,0x00007f6f31ad0000)]

siginfo:si_signo=SIGSEGV: si_errno=0, si_code=128 (), si_addr=0x0000000000000000

Registers:
RAX=0x000000000000012e, RBX=0x00007f6f31acd4c0, RCX=0x000000000000000d, RDX=0x00007f6f0431dae0
RSP=0x00007f6f31acd2a0, RBP=0x00007f6f31acd2e0, RSI=0x0000000000000001, RDI=0x00007f6f04282d88
R8 =0x00007f6f04282de8, R9 =0x0000000000000071, R10=0x00007f6f041ca010, R11=0x0000000000002000
R12=0x00007f6f31acdf50, R13=0x0000000000000001, R14=0x000000000000012f, R15=0x0000f36f042840e8
RIP=0x00007f6f4382575c, EFLAGS=0x0000000000010283, CSGSFS=0x0000000000000033, ERR=0x0000000000000000
  TRAPNO=0x000000000000000d

Top of Stack: (sp=0x00007f6f31acd2a0)
0x00007f6f31acd2a0:   00007f6f31000000 0000000000000c00
0x00007f6f31acd2b0:   00007f6f4419a9f0 00007f6f31acd4b0
0x00007f6f31acd2c0:   00007f6f31acd4c0 00007f6f31acd3c0
0x00007f6f31acd2d0:   00007f6f31acd510 00007f6f31acd4e0
0x00007f6f31acd2e0:   00007f6f31acd330 00007f6f43c05f60
0x00007f6f31acd2f0:   0000000000000000 00007f6f00000000
0x00007f6f31acd300:   00007f6f31acd460 00007f6f0406b0a0
0x00007f6f31acd310:   00007f6f101ecf98 00007f6f31acd410
0x00007f6f31acd320:   00007f6f3c01ca60 00007f6f31acdf50
0x00007f6f31acd330:   00007f6f31acdf00 00007f6f438307f3
0x00007f6f31acd340:   0000000000000006 00007f6f0425fba0
0x00007f6f31acd350:   00007f6f31ace868 00007f6f31ace880
0x00007f6f31acd360:   00007f6f3c0a7a50 0000000000000004
0x00007f6f31acd370:   0000000000000000 0000000000000000
0x00007f6f31acd380:   0000000000018360 00007f6f31acd3c0
0x00007f6f31acd390:   00007f6f3c0a7a50 00007f6f31ace868
0x00007f6f31acd3a0:   00007f6f04073088 00007f6f0406d1e0
0x00007f6f31acd3b0:   00007f6f31acdf50 0000000000000000
0x00007f6f31acd3c0:   00007f6f31ace030 0000000000000800
0x00007f6f31acd3d0:   00007f6f04111f60 000000000000022f
0x00007f6f31acd3e0:   00007f6f441a9450 00007f6f31ace030
0x00007f6f31acd3f0:   0000000000000100 00007f6f0407d450
0x00007f6f31acd400:   0000000000000000 0000000000000000
0x00007f6f31acd410:   0000000000000000 0000000000000000
0x00007f6f31acd420:   0000000000000000 0000000000000000
0x00007f6f31acd430:   0000000000000000 00007f6f31acdf50
0x00007f6f31acd440:   0000000000000000 00007f6f43d64bda
0x00007f6f31acd450:   0000000000000001 0000000000000000
0x00007f6f31acd460:   00007f6f4419a9f0 0000000000000001
0x00007f6f31acd470:   00007f6f31acdf50 00007f6f31acea50
0x00007f6f31acd480:   00007f6f31acd510 00007f6f040ea460
0x00007f6f31acd490:   0000000000000000 00000000ffffffff 

Instructions: (pc=0x00007f6f4382575c)
0x00007f6f4382573c:   83 ec 18 3b 43 18 0f 83 94 00 00 00 0f 1f 84 00
0x00007f6f4382574c:   00 00 00 00 48 8b 53 10 44 8d 70 01 4c 8b 3c c2
0x00007f6f4382575c:   41 8b 77 20 85 f6 7e 6c 89 f7 31 c0 eb 20 66 0f
0x00007f6f4382576c:   1f 44 00 00 4c 8b 53 38 83 e1 1f 4d 89 eb 49 d3 

Register to memory mapping:

RAX=0x000000000000012e is an unknown value
RBX=0x00007f6f31acd4c0 is pointing into the stack for thread: 0x00007f6f3c0af000
RCX=0x000000000000000d is an unknown value
RDX=0x00007f6f0431dae0 is an unknown value
RSP=0x00007f6f31acd2a0 is pointing into the stack for thread: 0x00007f6f3c0af000
RBP=0x00007f6f31acd2e0 is pointing into the stack for thread: 0x00007f6f3c0af000
RSI=0x0000000000000001 is an unknown value
RDI=0x00007f6f04282d88 is an unknown value
R8 =0x00007f6f04282de8 is an unknown value
R9 =0x0000000000000071 is an unknown value
R10=0x00007f6f041ca010 is an unknown value
R11=0x0000000000002000 is an unknown value
R12=0x00007f6f31acdf50 is pointing into the stack for thread: 0x00007f6f3c0af000
R13=0x0000000000000001 is an unknown value
R14=0x000000000000012f is an unknown value
R15=0x0000f36f042840e8 is an unknown value


Stack: [0x00007f6f319cf000,0x00007f6f31ad0000],  sp=0x00007f6f31acd2a0,  free space=1016k
Native frames: (J=compiled Java code, j=interpreted, Vv=VM code, C=native code)
V  [libjvm.so+0x43875c]  Compile::remove_useless_nodes(Unique_Node_List&)+0x3c
V  [libjvm.so+0x818f60]  PhaseRemoveUseless::PhaseRemoveUseless(PhaseGVN*, Unique_Node_List*)+0x280
V  [libjvm.so+0x4437f3]  Compile::Compile(ciEnv*, C2Compiler*, ciMethod*, int, bool, bool)+0x12d3
V  [libjvm.so+0x3b15ea]  C2Compiler::compile_method(ciEnv*, ciMethod*, int)+0xca
V  [libjvm.so+0x4493b7]  CompileBroker::invoke_compiler_on_method(CompileTask*)+0x327
V  [libjvm.so+0x44a4c0]  CompileBroker::compiler_thread_loop()+0x3a0
V  [libjvm.so+0x906c70]  JavaThread::thread_main_inner()+0xf0
V  [libjvm.so+0x906ee1]  JavaThread::run()+0x221
V  [libjvm.so+0x7cc742]  java_start(Thread*)+0xf2


Current CompileTask:
C2:   1842  176             com.android.dx.ssa.Dominators::run (506 bytes)


---------------  P R O C E S S  ---------------

Java Threads: ( => current thread )
  0x00007f6f3c00a800 JavaThread "DestroyJavaVM" [_thread_blocked, id=16588, stack(0x00007f6f44f0c000,0x00007f6f4500d000)]
  0x00007f6f3c0b1800 JavaThread "Service Thread" daemon [_thread_blocked, id=16599, stack(0x00007f6f318ce000,0x00007f6f319cf000)]
=>0x00007f6f3c0af000 JavaThread "C2 CompilerThread1" daemon [_thread_in_native, id=16598, stack(0x00007f6f319cf000,0x00007f6f31ad0000)]
  0x00007f6f3c0ac000 JavaThread "C2 CompilerThread0" daemon [_thread_in_native, id=16597, stack(0x00007f6f380a7000,0x00007f6f381a8000)]
  0x00007f6f3c0aa000 JavaThread "Signal Dispatcher" daemon [_thread_blocked, id=16596, stack(0x00007f6f381a8000,0x00007f6f382a9000)]
  0x00007f6f3c07c000 JavaThread "Finalizer" daemon [_thread_blocked, id=16595, stack(0x00007f6f38afb000,0x00007f6f38bfc000)]
  0x00007f6f3c07a000 JavaThread "Reference Handler" daemon [_thread_blocked, id=16594, stack(0x00007f6f38bfc000,0x00007f6f38cfd000)]

Other Threads:
  0x00007f6f3c076000 VMThread [stack: 0x00007f6f38cfd000,0x00007f6f38dfe000] [id=16593]
  0x00007f6f3c0bc000 WatcherThread [stack: 0x00007f6f317cd000,0x00007f6f318ce000] [id=16600]

VM state:not at safepoint (normal execution)

VM Mutex/Monitor currently owned by a thread: None

Heap
 PSYoungGen      total 37376K, used 4217K [0x00000000eaa80000, 0x00000000ed400000, 0x0000000100000000)
  eden space 32256K, 4% used [0x00000000eaa80000,0x00000000eabc29d8,0x00000000eca00000)
  from space 5120K, 57% used [0x00000000eca00000,0x00000000eccdbbd8,0x00000000ecf00000)
  to   space 5120K, 0% used [0x00000000ecf00000,0x00000000ecf00000,0x00000000ed400000)
 ParOldGen       total 84480K, used 8K [0x00000000c0000000, 0x00000000c5280000, 0x00000000eaa80000)
  object space 84480K, 0% used [0x00000000c0000000,0x00000000c0002000,0x00000000c5280000)
 PSPermGen       total 21504K, used 6051K [0x00000000b5a00000, 0x00000000b6f00000, 0x00000000c0000000)
  object space 21504K, 28% used [0x00000000b5a00000,0x00000000b5fe8c88,0x00000000b6f00000)

Card table byte_map: [0x00007f6f418ec000,0x00007f6f41b40000] byte_map_base: 0x00007f6f4133f000

Polling page: 0x00007f6f45029000

Code Cache  [0x00007f6f39000000, 0x00007f6f39270000, 0x00007f6f3c000000)
 total_blobs=438 nmethods=220 adapters=171 free_code_cache=48294Kb largest_free_block=49430912

Compilation events (10 events):
Event: 1,299 Thread 0x00007f6f3c0af000 nmethod 173 0x00007f6f390a0790 code [0x00007f6f390a0920, 0x00007f6f390a0de8]
Event: 1,299 Thread 0x00007f6f3c0af000  174   !         com.android.dx.rop.cst.StdConstantPool::getOrNull (13 bytes)
Event: 1,300 Thread 0x00007f6f3c0ac000 nmethod 172 0x00007f6f390b0150 code [0x00007f6f390b0420, 0x00007f6f390b1148]
Event: 1,300 Thread 0x00007f6f3c0ac000  175             com.android.dx.rop.cst.Constant::compareTo (33 bytes)
Event: 1,300 Thread 0x00007f6f3c0af000 nmethod 174 0x00007f6f390a0510 code [0x00007f6f390a0660, 0x00007f6f390a06f8]
Event: 1,300 Thread 0x00007f6f3c0af000  176             com.android.dx.ssa.Dominators::run (506 bytes)
Event: 1,301 Thread 0x00007f6f3c0ac000 nmethod 175 0x00007f6f390afe50 code [0x00007f6f390affa0, 0x00007f6f390b0058]
Event: 1,301 Thread 0x00007f6f3c0ac000  177             com.android.dx.ssa.SsaBasicBlock::getRopLabel (5 bytes)
Event: 1,301 Thread 0x00007f6f3c0ac000 nmethod 177 0x00007f6f390afc50 code [0x00007f6f390afd80, 0x00007f6f390afdd8]
Event: 1,301 Thread 0x00007f6f3c0ac000  178             com.android.dx.ssa.SsaMethod::getUseListCopy (56 bytes)

GC Heap History (0 events):
No events

Deoptimization events (1 events):
Event: 0,627 Thread 0x00007f6f3c00a800 Uncommon trap: reason=unstable_if action=reinterpret pc=0x00007f6f39060c34 method=java.lang.String.indexOf(II)I @ 49

Internal exceptions (10 events):
Event: 0,826 Thread 0x00007f6f3c185000 Threw 0x00000000eb25c308 at /build/openjdk-7-zaTxYK/openjdk-7-7u91-2.6.3/build/openjdk/hotspot/src/share/vm/prims/jvm.cpp:1322
Event: 0,827 Thread 0x00007f6f3c185000 Threw 0x00000000eb262148 at /build/openjdk-7-zaTxYK/openjdk-7-7u91-2.6.3/build/openjdk/hotspot/src/share/vm/prims/jvm.cpp:1322
Event: 0,828 Thread 0x00007f6f3c185000 Threw 0x00000000eb26b2c8 at /build/openjdk-7-zaTxYK/openjdk-7-7u91-2.6.3/build/openjdk/hotspot/src/share/vm/prims/jvm.cpp:1322
Event: 0,829 Thread 0x00007f6f3c185000 Threw 0x00000000eb270e08 at /build/openjdk-7-zaTxYK/openjdk-7-7u91-2.6.3/build/openjdk/hotspot/src/share/vm/prims/jvm.cpp:1322
Event: 0,830 Thread 0x00007f6f3c185000 Threw 0x00000000eb2745c8 at /build/openjdk-7-zaTxYK/openjdk-7-7u91-2.6.3/build/openjdk/hotspot/src/share/vm/prims/jvm.cpp:1322
Event: 0,830 Thread 0x00007f6f3c185000 Threw 0x00000000eb2782d0 at /build/openjdk-7-zaTxYK/openjdk-7-7u91-2.6.3/build/openjdk/hotspot/src/share/vm/prims/jvm.cpp:1322
Event: 0,839 Thread 0x00007f6f3c00a800 Threw 0x00000000eacfda68 at /build/openjdk-7-zaTxYK/openjdk-7-7u91-2.6.3/build/openjdk/hotspot/src/share/vm/prims/jvm.cpp:1322
Event: 0,840 Thread 0x00007f6f3c187800 Threw 0x00000000eb2b9240 at /build/openjdk-7-zaTxYK/openjdk-7-7u91-2.6.3/build/openjdk/hotspot/src/share/vm/prims/jvm.cpp:1322
Event: 0,873 Thread 0x00007f6f3c185000 Threw 0x00000000eb5483d8 at /build/openjdk-7-zaTxYK/openjdk-7-7u91-2.6.3/build/openjdk/hotspot/src/share/vm/prims/jvm.cpp:1322
Event: 0,873 Thread 0x00007f6f3c189000 Threw 0x00000000eb4225d0 at /build/openjdk-7-zaTxYK/openjdk-7-7u91-2.6.3/build/openjdk/hotspot/src/share/vm/prims/jvm.cpp:1322

Events (10 events):
Event: 0,843 Thread 0x00007f6f3c189000 Thread added: 0x00007f6f3c189000
Event: 0,847 Thread 0x00007f6f3c18a800 Thread added: 0x00007f6f3c18a800
Event: 0,873 loading class 0x00007f6f00049480
Event: 0,873 loading class 0x00007f6f00049480 done
Event: 0,873 loading class 0x00007f6f3c170a00
Event: 0,873 loading class 0x00007f6f3c170a00 done
Event: 0,878 loading class 0x00007f6f410aa270
Event: 0,879 loading class 0x00007f6f410aa270 done
Event: 0,980 loading class 0x00007f6f4109fa10
Event: 0,980 loading class 0x00007f6f4109fa10 done


Dynamic libraries:
00400000-00401000 r-xp 00000000 08:05 12066875                           /usr/lib/jvm/java-7-openjdk-amd64/jre/bin/java
00600000-00601000 r--p 00000000 08:05 12066875                           /usr/lib/jvm/java-7-openjdk-amd64/jre/bin/java
00601000-00602000 rw-p 00001000 08:05 12066875                           /usr/lib/jvm/java-7-openjdk-amd64/jre/bin/java
02311000-02332000 rw-p 00000000 00:00 0                                  [heap]
b5a00000-b6f00000 rw-p 00000000 00:00 0 
b6f00000-c0000000 rw-p 00000000 00:00 0 
c0000000-c5280000 rw-p 00000000 00:00 0 
c5280000-eaa80000 rw-p 00000000 00:00 0 
eaa80000-ed400000 rw-p 00000000 00:00 0 
ed400000-100000000 rw-p 00000000 00:00 0 
7f6eec000000-7f6eec021000 rw-p 00000000 00:00 0 
7f6eec021000-7f6ef0000000 ---p 00000000 00:00 0 
7f6ef0000000-7f6ef0021000 rw-p 00000000 00:00 0 
7f6ef0021000-7f6ef4000000 ---p 00000000 00:00 0 
7f6ef4000000-7f6ef4021000 rw-p 00000000 00:00 0 
7f6ef4021000-7f6ef8000000 ---p 00000000 00:00 0 
7f6ef8000000-7f6ef8021000 rw-p 00000000 00:00 0 
7f6ef8021000-7f6efc000000 ---p 00000000 00:00 0 
7f6efc000000-7f6efc021000 rw-p 00000000 00:00 0 
7f6efc021000-7f6f00000000 ---p 00000000 00:00 0 
7f6f00000000-7f6f0006c000 rw-p 00000000 00:00 0 
7f6f0006c000-7f6f04000000 ---p 00000000 00:00 0 
7f6f04000000-7f6f04529000 rw-p 00000000 00:00 0 
7f6f04529000-7f6f08000000 ---p 00000000 00:00 0 
7f6f08000000-7f6f08021000 rw-p 00000000 00:00 0 
7f6f08021000-7f6f0c000000 ---p 00000000 00:00 0 
7f6f0c000000-7f6f0c021000 rw-p 00000000 00:00 0 
7f6f0c021000-7f6f10000000 ---p 00000000 00:00 0 
7f6f10000000-7f6f10d80000 rw-p 00000000 00:00 0 
7f6f10d80000-7f6f14000000 ---p 00000000 00:00 0 
7f6f14000000-7f6f14021000 rw-p 00000000 00:00 0 
7f6f14021000-7f6f18000000 ---p 00000000 00:00 0 
7f6f18000000-7f6f18021000 rw-p 00000000 00:00 0 
7f6f18021000-7f6f1c000000 ---p 00000000 00:00 0 
7f6f1c000000-7f6f1c021000 rw-p 00000000 00:00 0 
7f6f1c021000-7f6f20000000 ---p 00000000 00:00 0 
7f6f20000000-7f6f20021000 rw-p 00000000 00:00 0 
7f6f20021000-7f6f24000000 ---p 00000000 00:00 0 
7f6f24000000-7f6f24021000 rw-p 00000000 00:00 0 
7f6f24021000-7f6f28000000 ---p 00000000 00:00 0 
7f6f2c000000-7f6f2c021000 rw-p 00000000 00:00 0 
7f6f2c021000-7f6f30000000 ---p 00000000 00:00 0 
7f6f311ee000-7f6f312c8000 rw-p 00000000 00:00 0 
7f6f312c8000-7f6f312cb000 ---p 00000000 00:00 0 
7f6f312cb000-7f6f313c9000 rw-p 00000000 00:00 0 
7f6f313c9000-7f6f313cc000 ---p 00000000 00:00 0 
7f6f313cc000-7f6f314ca000 rw-p 00000000 00:00 0 
7f6f314ca000-7f6f314cd000 ---p 00000000 00:00 0 
7f6f314cd000-7f6f315cb000 rw-p 00000000 00:00 0 
7f6f315cb000-7f6f315ce000 ---p 00000000 00:00 0 
7f6f315ce000-7f6f316cc000 rw-p 00000000 00:00 0 
7f6f316cc000-7f6f316cf000 ---p 00000000 00:00 0 
7f6f316cf000-7f6f317cd000 rw-p 00000000 00:00 0 
7f6f317cd000-7f6f317ce000 ---p 00000000 00:00 0 
7f6f317ce000-7f6f318ce000 rw-p 00000000 00:00 0                          [stack:16600]
7f6f318ce000-7f6f318d1000 ---p 00000000 00:00 0 
7f6f318d1000-7f6f319cf000 rw-p 00000000 00:00 0                          [stack:16599]
7f6f319cf000-7f6f319d2000 ---p 00000000 00:00 0 
7f6f319d2000-7f6f34000000 rw-p 00000000 00:00 0                          [stack:16598]
7f6f34000000-7f6f34021000 rw-p 00000000 00:00 0 
7f6f34021000-7f6f38000000 ---p 00000000 00:00 0 
7f6f380a7000-7f6f380aa000 ---p 00000000 00:00 0 
7f6f380aa000-7f6f381a8000 rw-p 00000000 00:00 0                          [stack:16597]
7f6f381a8000-7f6f381ab000 ---p 00000000 00:00 0 
7f6f381ab000-7f6f382a9000 rw-p 00000000 00:00 0                          [stack:16596]
7f6f382a9000-7f6f38afb000 r--p 00000000 08:05 11541130                   /usr/lib/locale/locale-archive
7f6f38afb000-7f6f38afe000 ---p 00000000 00:00 0 
7f6f38afe000-7f6f38bfc000 rw-p 00000000 00:00 0                          [stack:16595]
7f6f38bfc000-7f6f38bff000 ---p 00000000 00:00 0 
7f6f38bff000-7f6f38cfd000 rw-p 00000000 00:00 0                          [stack:16594]
7f6f38cfd000-7f6f38cfe000 ---p 00000000 00:00 0 
7f6f38cfe000-7f6f39000000 rw-p 00000000 00:00 0                          [stack:16593]
7f6f39000000-7f6f39270000 rwxp 00000000 00:00 0 
7f6f39270000-7f6f3c196000 rw-p 00000000 00:00 0 
7f6f3c196000-7f6f40000000 ---p 00000000 00:00 0 
7f6f40032000-7f6f40037000 r--s 0004e000 08:05 12066942                   /usr/lib/jvm/java-7-openjdk-amd64/jre/lib/jsse.jar
7f6f40037000-7f6f40046000 r--s 000df000 08:05 16648236                   /home/loc/Android/Sdk/build-tools/23.0.2/lib/dx.jar
7f6f40046000-7f6f40e41000 rw-p 00000000 00:00 0 
7f6f40e41000-7f6f40ff3000 r--s 01d2e000 08:05 12066898                   /usr/lib/jvm/java-7-openjdk-amd64/jre/lib/rt.jar
7f6f40ff3000-7f6f4133f000 rw-p 00000000 00:00 0 
7f6f4133f000-7f6f41340000 ---p 00000000 00:00 0 
7f6f41340000-7f6f41440000 rw-p 00000000 00:00 0                          [stack:16592]
7f6f41440000-7f6f41441000 ---p 00000000 00:00 0 
7f6f41441000-7f6f41541000 rw-p 00000000 00:00 0                          [stack:16591]
7f6f41541000-7f6f41542000 ---p 00000000 00:00 0 
7f6f41542000-7f6f41642000 rw-p 00000000 00:00 0                          [stack:16590]
7f6f41642000-7f6f41643000 ---p 00000000 00:00 0 
7f6f41643000-7f6f4174e000 rw-p 00000000 00:00 0                          [stack:16589]
7f6f4174e000-7f6f41796000 rw-p 00000000 00:00 0 
7f6f41796000-7f6f417c0000 rw-p 00000000 00:00 0 
7f6f417c0000-7f6f418ec000 rw-p 00000000 00:00 0 
7f6f418ec000-7f6f418f7000 rw-p 00000000 00:00 0 
7f6f418f7000-7f6f4193f000 rw-p 00000000 00:00 0 
7f6f4193f000-7f6f41969000 rw-p 00000000 00:00 0 
7f6f41969000-7f6f41a94000 rw-p 00000000 00:00 0 
7f6f41a94000-7f6f41aa9000 rw-p 00000000 00:00 0 
7f6f41aa9000-7f6f41b3f000 rw-p 00000000 00:00 0 
7f6f41b3f000-7f6f41b40000 rw-p 00000000 00:00 0 
7f6f41b40000-7f6f41b48000 r-xp 00000000 08:05 12066909                   /usr/lib/jvm/java-7-openjdk-amd64/jre/lib/amd64/libzip.so
7f6f41b48000-7f6f41d47000 ---p 00008000 08:05 12066909                   /usr/lib/jvm/java-7-openjdk-amd64/jre/lib/amd64/libzip.so
7f6f41d47000-7f6f41d48000 r--p 00007000 08:05 12066909                   /usr/lib/jvm/java-7-openjdk-amd64/jre/lib/amd64/libzip.so
7f6f41d48000-7f6f41d49000 rw-p 00008000 08:05 12066909                   /usr/lib/jvm/java-7-openjdk-amd64/jre/lib/amd64/libzip.so
7f6f41d49000-7f6f41d54000 r-xp 00000000 08:05 2887860                    /lib/x86_64-linux-gnu/libnss_files-2.19.so
7f6f41d54000-7f6f41f53000 ---p 0000b000 08:05 2887860                    /lib/x86_64-linux-gnu/libnss_files-2.19.so
7f6f41f53000-7f6f41f54000 r--p 0000a000 08:05 2887860                    /lib/x86_64-linux-gnu/libnss_files-2.19.so
7f6f41f54000-7f6f41f55000 rw-p 0000b000 08:05 2887860                    /lib/x86_64-linux-gnu/libnss_files-2.19.so
7f6f41f55000-7f6f41f60000 r-xp 00000000 08:05 2887870                    /lib/x86_64-linux-gnu/libnss_nis-2.19.so
7f6f41f60000-7f6f4215f000 ---p 0000b000 08:05 2887870                    /lib/x86_64-linux-gnu/libnss_nis-2.19.so
7f6f4215f000-7f6f42160000 r--p 0000a000 08:05 2887870                    /lib/x86_64-linux-gnu/libnss_nis-2.19.so
7f6f42160000-7f6f42161000 rw-p 0000b000 08:05 2887870                    /lib/x86_64-linux-gnu/libnss_nis-2.19.so
7f6f42161000-7f6f42178000 r-xp 00000000 08:05 2887854                    /lib/x86_64-linux-gnu/libnsl-2.19.so
7f6f42178000-7f6f42377000 ---p 00017000 08:05 2887854                    /lib/x86_64-linux-gnu/libnsl-2.19.so
7f6f42377000-7f6f42378000 r--p 00016000 08:05 2887854                    /lib/x86_64-linux-gnu/libnsl-2.19.so
7f6f42378000-7f6f42379000 rw-p 00017000 08:05 2887854                    /lib/x86_64-linux-gnu/libnsl-2.19.so
7f6f42379000-7f6f4237b000 rw-p 00000000 00:00 0 
7f6f4237b000-7f6f42384000 r-xp 00000000 08:05 2887856                    /lib/x86_64-linux-gnu/libnss_compat-2.19.so
7f6f42384000-7f6f42583000 ---p 00009000 08:05 2887856                    /lib/x86_64-linux-gnu/libnss_compat-2.19.so
7f6f42583000-7f6f42584000 r--p 00008000 08:05 2887856                    /lib/x86_64-linux-gnu/libnss_compat-2.19.so
7f6f42584000-7f6f42585000 rw-p 00009000 08:05 2887856                    /lib/x86_64-linux-gnu/libnss_compat-2.19.so
7f6f42585000-7f6f425b0000 r-xp 00000000 08:05 12066917                   /usr/lib/jvm/java-7-openjdk-amd64/jre/lib/amd64/libjava.so
7f6f425b0000-7f6f427b0000 ---p 0002b000 08:05 12066917                   /usr/lib/jvm/java-7-openjdk-amd64/jre/lib/amd64/libjava.so
7f6f427b0000-7f6f427b1000 r--p 0002b000 08:05 12066917                   /usr/lib/jvm/java-7-openjdk-amd64/jre/lib/amd64/libjava.so
7f6f427b1000-7f6f427b3000 rw-p 0002c000 08:05 12066917                   /usr/lib/jvm/java-7-openjdk-amd64/jre/lib/amd64/libjava.so
7f6f427b3000-7f6f427c3000 r-xp 00000000 08:05 12066933                   /usr/lib/jvm/java-7-openjdk-amd64/jre/lib/amd64/libverify.so
7f6f427c3000-7f6f429c2000 ---p 00010000 08:05 12066933                   /usr/lib/jvm/java-7-openjdk-amd64/jre/lib/amd64/libverify.so
7f6f429c2000-7f6f429c4000 r--p 0000f000 08:05 12066933                   /usr/lib/jvm/java-7-openjdk-amd64/jre/lib/amd64/libverify.so
7f6f429c4000-7f6f429c5000 rw-p 00011000 08:05 12066933                   /usr/lib/jvm/java-7-openjdk-amd64/jre/lib/amd64/libverify.so
7f6f429c5000-7f6f429cc000 r-xp 00000000 08:05 2887913                    /lib/x86_64-linux-gnu/librt-2.19.so
7f6f429cc000-7f6f42bcb000 ---p 00007000 08:05 2887913                    /lib/x86_64-linux-gnu/librt-2.19.so
7f6f42bcb000-7f6f42bcc000 r--p 00006000 08:05 2887913                    /lib/x86_64-linux-gnu/librt-2.19.so
7f6f42bcc000-7f6f42bcd000 rw-p 00007000 08:05 2887913                    /lib/x86_64-linux-gnu/librt-2.19.so
7f6f42bcd000-7f6f42be3000 r-xp 00000000 08:05 2883685                    /lib/x86_64-linux-gnu/libgcc_s.so.1
7f6f42be3000-7f6f42de2000 ---p 00016000 08:05 2883685                    /lib/x86_64-linux-gnu/libgcc_s.so.1
7f6f42de2000-7f6f42de3000 rw-p 00015000 08:05 2883685                    /lib/x86_64-linux-gnu/libgcc_s.so.1
7f6f42de3000-7f6f42ee8000 r-xp 00000000 08:05 2887835                    /lib/x86_64-linux-gnu/libm-2.19.so
7f6f42ee8000-7f6f430e7000 ---p 00105000 08:05 2887835                    /lib/x86_64-linux-gnu/libm-2.19.so
7f6f430e7000-7f6f430e8000 r--p 00104000 08:05 2887835                    /lib/x86_64-linux-gnu/libm-2.19.so
7f6f430e8000-7f6f430e9000 rw-p 00105000 08:05 2887835                    /lib/x86_64-linux-gnu/libm-2.19.so
7f6f430e9000-7f6f431cf000 r-xp 00000000 08:05 11543045                   /usr/lib/x86_64-linux-gnu/libstdc++.so.6.0.19
7f6f431cf000-7f6f433ce000 ---p 000e6000 08:05 11543045                   /usr/lib/x86_64-linux-gnu/libstdc++.so.6.0.19
7f6f433ce000-7f6f433d6000 r--p 000e5000 08:05 11543045                   /usr/lib/x86_64-linux-gnu/libstdc++.so.6.0.19
7f6f433d6000-7f6f433d8000 rw-p 000ed000 08:05 11543045                   /usr/lib/x86_64-linux-gnu/libstdc++.so.6.0.19
7f6f433d8000-7f6f433ed000 rw-p 00000000 00:00 0 
7f6f433ed000-7f6f43f11000 r-xp 00000000 08:05 12066924                   /usr/lib/jvm/java-7-openjdk-amd64/jre/lib/amd64/server/libjvm.so
7f6f43f11000-7f6f44111000 ---p 00b24000 08:05 12066924                   /usr/lib/jvm/java-7-openjdk-amd64/jre/lib/amd64/server/libjvm.so
7f6f44111000-7f6f441ab000 r--p 00b24000 08:05 12066924                   /usr/lib/jvm/java-7-openjdk-amd64/jre/lib/amd64/server/libjvm.so
7f6f441ab000-7f6f441ce000 rw-p 00bbe000 08:05 12066924                   /usr/lib/jvm/java-7-openjdk-amd64/jre/lib/amd64/server/libjvm.so
7f6f441ce000-7f6f441fc000 rw-p 00000000 00:00 0 
7f6f441fc000-7f6f44214000 r-xp 00000000 08:05 2887948                    /lib/x86_64-linux-gnu/libz.so.1.2.8
7f6f44214000-7f6f44413000 ---p 00018000 08:05 2887948                    /lib/x86_64-linux-gnu/libz.so.1.2.8
7f6f44413000-7f6f44414000 r--p 00017000 08:05 2887948                    /lib/x86_64-linux-gnu/libz.so.1.2.8
7f6f44414000-7f6f44415000 rw-p 00018000 08:05 2887948                    /lib/x86_64-linux-gnu/libz.so.1.2.8
7f6f44415000-7f6f4442e000 r-xp 00000000 08:05 2887905                    /lib/x86_64-linux-gnu/libpthread-2.19.so
7f6f4442e000-7f6f4462d000 ---p 00019000 08:05 2887905                    /lib/x86_64-linux-gnu/libpthread-2.19.so
7f6f4462d000-7f6f4462e000 r--p 00018000 08:05 2887905                    /lib/x86_64-linux-gnu/libpthread-2.19.so
7f6f4462e000-7f6f4462f000 rw-p 00019000 08:05 2887905                    /lib/x86_64-linux-gnu/libpthread-2.19.so
7f6f4462f000-7f6f44633000 rw-p 00000000 00:00 0 
7f6f44633000-7f6f44636000 r-xp 00000000 08:05 2887802                    /lib/x86_64-linux-gnu/libdl-2.19.so
7f6f44636000-7f6f44835000 ---p 00003000 08:05 2887802                    /lib/x86_64-linux-gnu/libdl-2.19.so
7f6f44835000-7f6f44836000 r--p 00002000 08:05 2887802                    /lib/x86_64-linux-gnu/libdl-2.19.so
7f6f44836000-7f6f44837000 rw-p 00003000 08:05 2887802                    /lib/x86_64-linux-gnu/libdl-2.19.so
7f6f44837000-7f6f449f2000 r-xp 00000000 08:05 2887785                    /lib/x86_64-linux-gnu/libc-2.19.so
7f6f449f2000-7f6f44bf1000 ---p 001bb000 08:05 2887785                    /lib/x86_64-linux-gnu/libc-2.19.so
7f6f44bf1000-7f6f44bf5000 r--p 001ba000 08:05 2887785                    /lib/x86_64-linux-gnu/libc-2.19.so
7f6f44bf5000-7f6f44bf7000 rw-p 001be000 08:05 2887785                    /lib/x86_64-linux-gnu/libc-2.19.so
7f6f44bf7000-7f6f44bfc000 rw-p 00000000 00:00 0 
7f6f44bfc000-7f6f44c09000 r-xp 00000000 08:05 12066935                   /usr/lib/jvm/java-7-openjdk-amd64/jre/lib/amd64/jli/libjli.so
7f6f44c09000-7f6f44e08000 ---p 0000d000 08:05 12066935                   /usr/lib/jvm/java-7-openjdk-amd64/jre/lib/amd64/jli/libjli.so
7f6f44e08000-7f6f44e09000 r--p 0000c000 08:05 12066935                   /usr/lib/jvm/java-7-openjdk-amd64/jre/lib/amd64/jli/libjli.so
7f6f44e09000-7f6f44e0a000 rw-p 0000d000 08:05 12066935                   /usr/lib/jvm/java-7-openjdk-amd64/jre/lib/amd64/jli/libjli.so
7f6f44e0a000-7f6f44e2d000 r-xp 00000000 08:05 2887761                    /lib/x86_64-linux-gnu/ld-2.19.so
7f6f44e2d000-7f6f44e2e000 rw-p 00000000 00:00 0 
7f6f44e2e000-7f6f44e2f000 r--s 00002000 08:05 12066894                   /usr/lib/jvm/java-7-openjdk-amd64/jre/lib/ext/dnsns.jar
7f6f44e2f000-7f6f44e32000 r--s 0000f000 08:05 12066891                   /usr/lib/jvm/java-7-openjdk-amd64/jre/lib/ext/icedtea-sound.jar
7f6f44e32000-7f6f44e34000 r--s 00006000 08:05 11933822                   /usr/share/java/java-atk-wrapper.jar
7f6f44e34000-7f6f44e56000 rw-p 00000000 00:00 0 
7f6f44e56000-7f6f44f0c000 rw-p 00000000 00:00 0 
7f6f44f0c000-7f6f44f0f000 ---p 00000000 00:00 0 
7f6f44f0f000-7f6f45012000 rw-p 00000000 00:00 0                          [stack:16588]
7f6f45012000-7f6f45016000 r--s 00085000 08:05 12066890                   /usr/lib/jvm/java-7-openjdk-amd64/jre/lib/ext/localedata.jar
7f6f45016000-7f6f45018000 r--s 00012000 08:05 12066889                   /usr/lib/jvm/java-7-openjdk-amd64/jre/lib/ext/zipfs.jar
7f6f45018000-7f6f4501c000 r--s 0003c000 08:05 12066893                   /usr/lib/jvm/java-7-openjdk-amd64/jre/lib/ext/sunpkcs11.jar
7f6f4501c000-7f6f45020000 r--s 00034000 08:05 12066892                   /usr/lib/jvm/java-7-openjdk-amd64/jre/lib/ext/sunjce_provider.jar
7f6f45020000-7f6f45028000 rw-s 00000000 08:05 6823830                    /tmp/hsperfdata_loc/16584
7f6f45028000-7f6f45029000 rw-p 00000000 00:00 0 
7f6f45029000-7f6f4502a000 r--p 00000000 00:00 0 
7f6f4502a000-7f6f4502c000 rw-p 00000000 00:00 0 
7f6f4502c000-7f6f4502d000 r--p 00022000 08:05 2887761                    /lib/x86_64-linux-gnu/ld-2.19.so
7f6f4502d000-7f6f4502e000 rw-p 00023000 08:05 2887761                    /lib/x86_64-linux-gnu/ld-2.19.so
7f6f4502e000-7f6f4502f000 rw-p 00000000 00:00 0 
7ffce6bf3000-7ffce6c15000 rw-p 00000000 00:00 0                          [stack]
7ffce6d4e000-7ffce6d50000 r--p 00000000 00:00 0                          [vvar]
7ffce6d50000-7ffce6d52000 r-xp 00000000 00:00 0                          [vdso]
ffffffffff600000-ffffffffff601000 r-xp 00000000 00:00 0                  [vsyscall]

VM Arguments:
jvm_args: -Djava.awt.headless=true -Xmx1024M -Dfile.encoding=UTF-8 -Duser.country=US -Duser.language=en -Duser.variant 
java_command: com.android.dx.command.Main --dex --num-threads=4 --multi-dex --output /home/loc/Desktop/Food/app/build/intermediates/transforms/dex/debug/folders/1000/5/slice_1_3a2875379acfb94b1560bc88212c0fafdafe3b6f /home/loc/Desktop/Food/app/build/intermediates/transforms/instantRunSlicer/debug/folders/1/5/slice_1
Launcher Type: SUN_STANDARD

Environment Variables:
JAVA_HOME=/usr/lib/jvm/default-java/bin
PATH=/home/loc/.rbenv/plugins/ruby-build/bin:/home/loc/.rbenv/shims:/home/loc/.rbenv/bin:/usr/local/heroku/bin:/usr/local/sbin:/usr/local/bin:/usr/sbin:/usr/bin:/sbin:/bin:/usr/games:/usr/local/games:/home/loc/.rvm/bin:/usr/lib/jvm/default-java/bin:/home/loc/.rvm/bin
LD_LIBRARY_PATH=/home/loc/Desktop/android-studio/bin:
SHELL=/bin/bash
DISPLAY=:0

Signal Handlers:
SIGSEGV: [libjvm.so+0x9548f0], sa_mask[0]=0x7ffbfeff, sa_flags=0x10000004
SIGBUS: [libjvm.so+0x9548f0], sa_mask[0]=0x7ffbfeff, sa_flags=0x10000004
SIGFPE: [libjvm.so+0x7cb0b0], sa_mask[0]=0x7ffbfeff, sa_flags=0x10000004
SIGPIPE: [libjvm.so+0x7cb0b0], sa_mask[0]=0x7ffbfeff, sa_flags=0x10000004
SIGXFSZ: [libjvm.so+0x7cb0b0], sa_mask[0]=0x7ffbfeff, sa_flags=0x10000004
SIGILL: [libjvm.so+0x7cb0b0], sa_mask[0]=0x7ffbfeff, sa_flags=0x10000004
SIGUSR1: SIG_DFL, sa_mask[0]=0x00000000, sa_flags=0x00000000
SIGUSR2: [libjvm.so+0x7caf50], sa_mask[0]=0x00000004, sa_flags=0x10000004
SIGHUP: [libjvm.so+0x7cb130], sa_mask[0]=0x7ffbfeff, sa_flags=0x10000004
SIGINT: [libjvm.so+0x7cb130], sa_mask[0]=0x7ffbfeff, sa_flags=0x10000004
SIGTERM: [libjvm.so+0x7cb130], sa_mask[0]=0x7ffbfeff, sa_flags=0x10000004
SIGQUIT: [libjvm.so+0x7cb130], sa_mask[0]=0x7ffbfeff, sa_flags=0x10000004
SIGTRAP: SIG_DFL, sa_mask[0]=0x00000000, sa_flags=0x00000000


---------------  S Y S T E M  ---------------

OS:Ubuntu 14.04 (trusty)
uname:Linux 3.19.0-47-generic #53~14.04.1-Ubuntu SMP Mon Jan 18 16:09:14 UTC 2016 x86_64
libc:glibc 2.19 NPTL 2.19 
rlimit: STACK 8192k, CORE 0k, NPROC 31567, NOFILE 4096, AS infinity
load average:6,29 2,86 2,43

/proc/meminfo:
MemTotal:        8102568 kB
MemFree:          824956 kB
MemAvailable:    1025148 kB
Buffers:           88696 kB
Cached:          1446724 kB
SwapCached:        84588 kB
Active:          5574020 kB
Inactive:        1421632 kB
Active(anon):    5370452 kB
Inactive(anon):  1291032 kB
Active(file):     203568 kB
Inactive(file):   130600 kB
Unevictable:        6636 kB
Mlocked:            6636 kB
SwapTotal:       8312828 kB
SwapFree:        4438104 kB
Dirty:              2516 kB
Writeback:             0 kB
AnonPages:       5455736 kB
Mapped:           995168 kB
Shmem:           1201056 kB
Slab:             123380 kB
SReclaimable:      69932 kB
SUnreclaim:        53448 kB
KernelStack:       13728 kB
PageTables:        79216 kB
NFS_Unstable:          0 kB
Bounce:                0 kB
WritebackTmp:          0 kB
CommitLimit:    12364112 kB
Committed_AS:   31246896 kB
VmallocTotal:   34359738367 kB
VmallocUsed:      558448 kB
VmallocChunk:   34359084020 kB
HardwareCorrupted:     0 kB
AnonHugePages:   1896448 kB
CmaTotal:              0 kB
CmaFree:               0 kB
HugePages_Total:       0
HugePages_Free:        0
HugePages_Rsvd:        0
HugePages_Surp:        0
Hugepagesize:       2048 kB
DirectMap4k:      287488 kB
DirectMap2M:     8028160 kB
DirectMap1G:     1048576 kB


CPU:total 4 (2 cores per cpu, 2 threads per core) family 6 model 60 stepping 3, cmov, cx8, fxsr, mmx, sse, sse2, sse3, ssse3, sse4.1, sse4.2, popcnt, avx, avx2, aes, erms, ht, tsc, tscinvbit

/proc/cpuinfo:
processor	: 0
vendor_id	: GenuineIntel
cpu family	: 6
model		: 60
model name	: Intel(R) Core(TM) i5-4200M CPU @ 2.50GHz
stepping	: 3
microcode	: 0x17
cpu MHz		: 2700.000
cache size	: 3072 KB
physical id	: 0
siblings	: 4
core id		: 0
cpu cores	: 2
apicid		: 0
initial apicid	: 0
fpu		: yes
fpu_exception	: yes
cpuid level	: 13
wp		: yes
flags		: fpu vme de pse tsc msr pae mce cx8 apic sep mtrr pge mca cmov pat pse36 clflush dts acpi mmx fxsr sse sse2 ss ht tm pbe syscall nx pdpe1gb rdtscp lm constant_tsc arch_perfmon pebs bts rep_good nopl xtopology nonstop_tsc aperfmperf eagerfpu pni pclmulqdq dtes64 monitor ds_cpl vmx est tm2 ssse3 fma cx16 xtpr pdcm pcid sse4_1 sse4_2 movbe popcnt tsc_deadline_timer aes xsave avx f16c rdrand lahf_lm abm ida arat epb pln pts dtherm tpr_shadow vnmi flexpriority ept vpid fsgsbase tsc_adjust bmi1 avx2 smep bmi2 erms invpcid xsaveopt
bugs		:
bogomips	: 4988.51
clflush size	: 64
cache_alignment	: 64
address sizes	: 39 bits physical, 48 bits virtual
power management:

processor	: 1
vendor_id	: GenuineIntel
cpu family	: 6
model		: 60
model name	: Intel(R) Core(TM) i5-4200M CPU @ 2.50GHz
stepping	: 3
microcode	: 0x17
cpu MHz		: 2700.000
cache size	: 3072 KB
physical id	: 0
siblings	: 4
core id		: 0
cpu cores	: 2
apicid		: 1
initial apicid	: 1
fpu		: yes
fpu_exception	: yes
cpuid level	: 13
wp		: yes
flags		: fpu vme de pse tsc msr pae mce cx8 apic sep mtrr pge mca cmov pat pse36 clflush dts acpi mmx fxsr sse sse2 ss ht tm pbe syscall nx pdpe1gb rdtscp lm constant_tsc arch_perfmon pebs bts rep_good nopl xtopology nonstop_tsc aperfmperf eagerfpu pni pclmulqdq dtes64 monitor ds_cpl vmx est tm2 ssse3 fma cx16 xtpr pdcm pcid sse4_1 sse4_2 movbe popcnt tsc_deadline_timer aes xsave avx f16c rdrand lahf_lm abm ida arat epb pln pts dtherm tpr_shadow vnmi flexpriority ept vpid fsgsbase tsc_adjust bmi1 avx2 smep bmi2 erms invpcid xsaveopt
bugs		:
bogomips	: 4988.51
clflush size	: 64
cache_alignment	: 64
address sizes	: 39 bits physical, 48 bits virtual
power management:

processor	: 2
vendor_id	: GenuineIntel
cpu family	: 6
model		: 60
model name	: Intel(R) Core(TM) i5-4200M CPU @ 2.50GHz
stepping	: 3
microcode	: 0x17
cpu MHz		: 2700.000
cache size	: 3072 KB
physical id	: 0
siblings	: 4
core id		: 1
cpu cores	: 2
apicid		: 2
initial apicid	: 2
fpu		: yes
fpu_exception	: yes
cpuid level	: 13
wp		: yes
flags		: fpu vme de pse tsc msr pae mce cx8 apic sep mtrr pge mca cmov pat pse36 clflush dts acpi mmx fxsr sse sse2 ss ht tm pbe syscall nx pdpe1gb rdtscp lm constant_tsc arch_perfmon pebs bts rep_good nopl xtopology nonstop_tsc aperfmperf eagerfpu pni pclmulqdq dtes64 monitor ds_cpl vmx est tm2 ssse3 fma cx16 xtpr pdcm pcid sse4_1 sse4_2 movbe popcnt tsc_deadline_timer aes xsave avx f16c rdrand lahf_lm abm ida arat epb pln pts dtherm tpr_shadow vnmi flexpriority ept vpid fsgsbase tsc_adjust bmi1 avx2 smep bmi2 erms invpcid xsaveopt
bugs		:
bogomips	: 4988.51
clflush size	: 64
cache_alignment	: 64
address sizes	: 39 bits physical, 48 bits virtual
power management:

processor	: 3
vendor_id	: GenuineIntel
cpu family	: 6
model		: 60
model name	: Intel(R) Core(TM) i5-4200M CPU @ 2.50GHz
stepping	: 3
microcode	: 0x17
cpu MHz		: 2700.000
cache size	: 3072 KB
physical id	: 0
siblings	: 4
core id		: 1
cpu cores	: 2
apicid		: 3
initial apicid	: 3
fpu		: yes
fpu_exception	: yes
cpuid level	: 13
wp		: yes
flags		: fpu vme de pse tsc msr pae mce cx8 apic sep mtrr pge mca cmov pat pse36 clflush dts acpi mmx fxsr sse sse2 ss ht tm pbe syscall nx pdpe1gb rdtscp lm constant_tsc arch_perfmon pebs bts rep_good nopl xtopology nonstop_tsc aperfmperf eagerfpu pni pclmulqdq dtes64 monitor ds_cpl vmx est tm2 ssse3 fma cx16 xtpr pdcm pcid sse4_1 sse4_2 movbe popcnt tsc_deadline_timer aes xsave avx f16c rdrand lahf_lm abm ida arat epb pln pts dtherm tpr_shadow vnmi flexpriority ept vpid fsgsbase tsc_adjust bmi1 avx2 smep bmi2 erms invpcid xsaveopt
bugs		:
bogomips	: 4988.51
clflush size	: 64
cache_alignment	: 64
address sizes	: 39 bits physical, 48 bits virtual
power management:



Memory: 4k page, physical 8102568k(824956k free), swap 8312828k(4438104k free)

vm_info: OpenJDK 64-Bit Server VM (24.91-b01) for linux-amd64 JRE (1.7.0_91-b02), built on Nov 19 2015 06:14:37 by "buildd" with gcc 4.8.2

time: Sun Mar 13 17:05:18 2016
elapsed time: 1 seconds

